Nov 23 13:13:23 [Info] 
INITIATING UPGRADE

Nov 23 13:13:23 [Info] The existing installation is located locally at /mnt/data/matti/www/intility_47/

Nov 23 13:13:23 [Info] Dumping database

Nov 23 13:13:25 [Info] matti_intility_470: OK (7,6 MB)

Nov 23 13:13:25 [Info] Upgrading intility_5 from version 4.7.0 to version 5.0.0

Nov 23 13:13:25 [Info] Checking requirements 
Nov 23 13:13:25 [Info] OK

Nov 23 13:13:25 [Info] Performing pre-upgrade checks 
Nov 23 13:13:25 [Info] OK

Nov 23 13:13:25 [Info] Checking for local distro

Nov 23 13:13:25 [Info] Match found: ezpublish5-5.0.0-rc1-ee-ttl.tar.gz 

Nov 23 13:13:25 [Info] Copying distro from specified location 
Nov 23 13:13:25 [Info] OK

Nov 23 13:13:25 [Info] Extracting ezpublish5-5.0.0-rc1-ee-ttl.tar.gz to /mnt/data/matti/www/

Nov 23 13:13:32 [Info] OK

Nov 23 13:13:33 [Error] Did not find /mnt/data/matti/www/ezpublish-5.0.0/
Nov 23 13:18:54 [Info] 
INITIATING UPGRADE

Nov 23 13:18:54 [Info] The existing installation is located locally at /mnt/data/matti/www/intility_47/

Nov 23 13:18:54 [Info] Dumping database

Nov 23 13:18:55 [Info] matti_intility_470: OK (7,6 MB)

Nov 23 13:18:55 [Info] Upgrading intility_5 from version 4.7.0 to version 5.0.0

Nov 23 13:18:55 [Info] Checking requirements 
Nov 23 13:18:55 [Info] OK

Nov 23 13:18:55 [Info] Performing pre-upgrade checks 
Nov 23 13:18:55 [Info] OK

Nov 23 13:18:55 [Info] Checking for local distro

Nov 23 13:18:55 [Info] Match found: ezpublish5-5.0.0-rc1-ee-ttl.tar.gz 

Nov 23 13:18:55 [Info] Copying distro from specified location 
Nov 23 13:18:56 [Info] OK

Nov 23 13:18:57 [Info] Extracting ezpublish5-5.0.0-rc1-ee-ttl.tar.gz to /mnt/data/matti/www/

Nov 23 13:19:16 [Info] OK

Nov 23 13:19:16 [Info] Copying files

Nov 23 14:43:53 [Info] 
INITIATING UPGRADE

Nov 23 14:43:53 [Info] The existing installation is located locally at /mnt/data/matti/www/intility_47/

Nov 23 14:43:53 [Info] Dumping database

Nov 23 14:43:54 [Info] matti_intility_470: OK (7,6 MB)

Nov 23 14:43:54 [Info] Upgrading intility_5 from version 4.7.0 to version 5.0.0

Nov 23 14:43:54 [Info] Checking requirements 
Nov 23 14:43:54 [Info] OK

Nov 23 14:43:54 [Info] Performing pre-upgrade checks 
Nov 23 14:43:54 [Info] OK

Nov 23 14:43:54 [Info] Checking for local distro

Nov 23 14:43:54 [Info] Match found: ezpublish5-5.0.0-rc1-ee-ttl.tar.gz 

Nov 23 14:43:54 [Info] Copying distro from specified location 
Nov 23 14:43:54 [Info] OK

Nov 23 14:43:54 [Info] Extracting ezpublish5-5.0.0-rc1-ee-ttl.tar.gz to /mnt/data/matti/www//ezpublish-5.0.0

Nov 23 14:43:54 [Info] OK

Nov 23 14:43:54 [Info] Copying files

Nov 23 14:44:34 [Info] 
INITIATING UPGRADE

Nov 23 14:44:34 [Info] The existing installation is located locally at /mnt/data/matti/www/intility_47/

Nov 23 14:44:34 [Info] Dumping database

Nov 23 14:44:35 [Info] matti_intility_470: OK (7,6 MB)

Nov 23 14:44:35 [Info] Upgrading intility_5 from version 4.7.0 to version 5.0.0

Nov 23 14:44:35 [Info] Checking requirements 
Nov 23 14:44:35 [Info] OK

Nov 23 14:44:35 [Info] Performing pre-upgrade checks 
Nov 23 14:44:35 [Info] OK

Nov 23 14:44:35 [Info] Checking for local distro

Nov 23 14:44:35 [Info] Match found: ezpublish5-5.0.0-rc1-ee-ttl.tar.gz 

Nov 23 14:44:35 [Info] Copying distro from specified location 
Nov 23 14:44:35 [Info] OK

Nov 23 14:44:35 [Info] Extracting ezpublish5-5.0.0-rc1-ee-ttl.tar.gz to /mnt/data/matti/www/ezpublish-5.0.0

Nov 23 14:44:42 [Info] OK

Nov 23 14:44:42 [Error] Did not find /mnt/data/matti/www/ezpublish-5.0.0/
Nov 23 14:47:46 [Info] 
INITIATING UPGRADE

Nov 23 14:47:46 [Info] The existing installation is located locally at /mnt/data/matti/www/intility_47/

Nov 23 14:47:46 [Info] Dumping database

Nov 23 14:47:47 [Info] matti_intility_470: OK (7,6 MB)

Nov 23 14:47:47 [Info] Upgrading intility_5 from version 4.7.0 to version 5.0.0

Nov 23 14:47:47 [Info] Checking requirements 
Nov 23 14:47:47 [Info] OK

Nov 23 14:47:47 [Info] Performing pre-upgrade checks 
Nov 23 14:47:47 [Info] OK

Nov 23 14:47:47 [Info] Checking for local distro

Nov 23 14:47:47 [Info] Match found: ezpublish5-5.0.0-rc1-ee-ttl.tar.gz 

Nov 23 14:47:47 [Info] Copying distro from specified location 
Nov 23 14:47:48 [Info] OK

Nov 23 14:47:49 [Info] Extracting ezpublish5-5.0.0-rc1-ee-ttl.tar.gz to /mnt/data/matti/www/

Nov 23 14:47:49 [Info] OK

Nov 23 14:47:49 [Error] Did not find /mnt/data/matti/www/ezpublish-5.0.0/
Nov 23 14:49:52 [Info] 
INITIATING UPGRADE

Nov 23 14:49:52 [Info] The existing installation is located locally at /mnt/data/matti/www/intility_47/

Nov 23 14:49:52 [Info] Dumping database

Nov 23 14:49:53 [Info] matti_intility_470: OK (7,6 MB)

Nov 23 14:49:53 [Info] Upgrading intility_5 from version 4.7.0 to version 5.0.0

Nov 23 14:49:53 [Info] Checking requirements 
Nov 23 14:49:53 [Info] OK

Nov 23 14:49:53 [Info] Performing pre-upgrade checks 
Nov 23 14:49:53 [Info] OK

Nov 23 14:49:53 [Info] Checking for local distro

Nov 23 14:49:53 [Info] Match found: ezpublish5-5.0.0-rc1-ee-ttl.tar.gz 

Nov 23 14:49:53 [Info] Copying distro from specified location 
Nov 23 14:49:54 [Info] OK

Nov 23 14:49:55 [Info] Extracting ezpublish5-5.0.0-rc1-ee-ttl.tar.gz to /mnt/data/matti/www/

Nov 23 14:50:01 [Info] OK

Nov 23 14:50:01 [Info] Copying files

Nov 23 14:50:46 [Info] 
INITIATING UPGRADE

Nov 23 14:50:46 [Info] The existing installation is located locally at /mnt/data/matti/www/intility_47/

Nov 23 14:50:46 [Info] Dumping database

Nov 23 14:50:47 [Info] matti_intility_470: OK (7,6 MB)

Nov 23 14:50:47 [Info] Upgrading intility_5 from version 4.7.0 to version 5.0.0

Nov 23 14:50:47 [Info] Checking requirements 
Nov 23 14:50:47 [Info] OK

Nov 23 14:50:47 [Info] Performing pre-upgrade checks 
Nov 23 14:50:47 [Info] OK

Nov 23 14:50:47 [Info] Checking for local distro

Nov 23 14:50:47 [Info] Match found: ezpublish5-5.0.0-rc1-ee-ttl.tar.gz 

Nov 23 14:50:47 [Info] Copying distro from specified location 
Nov 23 14:50:47 [Info] OK

Nov 23 14:50:48 [Info] Extracting ezpublish5-5.0.0-rc1-ee-ttl.tar.gz to /mnt/data/matti/www/

Nov 23 14:50:56 [Info] OK

Nov 23 14:50:56 [Info] Copying files

Nov 23 14:55:50 [Info] 
INITIATING UPGRADE

Nov 23 14:55:50 [Info] The existing installation is located locally at /mnt/data/matti/www/intility_47/

Nov 23 14:55:50 [Info] Dumping database

Nov 23 14:55:51 [Info] matti_intility_470: OK (7,6 MB)

Nov 23 14:55:51 [Info] Upgrading intility_5 from version 4.7.0 to version 5.0.0

Nov 23 14:55:51 [Info] Checking requirements 
Nov 23 14:55:51 [Info] OK

Nov 23 14:55:51 [Info] Performing pre-upgrade checks 
Nov 23 14:55:51 [Info] OK

Nov 23 14:55:51 [Info] Checking for local distro

Nov 23 14:55:51 [Info] Match found: ezpublish5-5.0.0-rc1-ee-ttl.tar.gz 

Nov 23 14:55:51 [Info] Copying distro from specified location 
Nov 23 14:55:51 [Info] OK

Nov 23 14:55:51 [Info] Extracting ezpublish5-5.0.0-rc1-ee-ttl.tar.gz to /mnt/data/matti/www/

Nov 23 14:56:00 [Info] OK

Nov 23 14:56:00 [Info] Copying files

Nov 23 14:57:41 [Info] 
INITIATING UPGRADE

Nov 23 14:57:41 [Info] The existing installation is located locally at /mnt/data/matti/www/intility_47/

Nov 23 14:57:41 [Info] Dumping database

Nov 23 14:57:42 [Info] matti_intility_470: OK (7,6 MB)

Nov 23 14:57:42 [Info] Upgrading intility_5 from version 4.7.0 to version 5.0.0

Nov 23 14:57:42 [Info] Checking requirements 
Nov 23 14:57:42 [Info] OK

Nov 23 14:57:42 [Info] Performing pre-upgrade checks 
Nov 23 14:57:42 [Info] OK

Nov 23 14:57:42 [Info] Checking for local distro

Nov 23 14:57:42 [Info] Match found: ezpublish5-5.0.0-rc1-ee-ttl.tar.gz 

Nov 23 14:57:42 [Info] Copying distro from specified location 
Nov 23 14:57:42 [Info] OK

Nov 23 14:57:42 [Info] Extracting ezpublish5-5.0.0-rc1-ee-ttl.tar.gz to /mnt/data/matti/www/

Nov 23 14:57:42 [Info] OK

Nov 23 14:57:42 [Error] Did not find /mnt/data/matti/www/ezpublish-5.0.0/
Nov 23 15:05:53 [Info] 
INITIATING UPGRADE

Nov 23 15:05:53 [Info] The existing installation is located locally at /mnt/data/matti/www/intility_47/

Nov 23 15:05:53 [Info] Dumping database

Nov 23 15:05:54 [Info] matti_intility_470: OK (7,6 MB)

Nov 23 15:05:54 [Info] Upgrading intility_5 from version 4.7.0 to version 5.0.0

Nov 23 15:05:54 [Info] Checking requirements 
Nov 23 15:05:54 [Info] OK

Nov 23 15:05:54 [Info] Performing pre-upgrade checks 
Nov 23 15:05:54 [Info] OK

Nov 23 15:05:54 [Info] Checking for local distro

Nov 23 15:05:54 [Info] Match found: ezpublish5-5.0.0-rc1-ee-ttl.tar.gz 

Nov 23 15:05:54 [Info] Copying distro from specified location 
Nov 23 15:05:54 [Info] OK

Nov 23 15:05:55 [Info] Extracting ezpublish5-5.0.0-rc1-ee-ttl.tar.gz to /mnt/data/matti/www/

Nov 23 15:06:02 [Info] OK

Nov 23 15:06:02 [Error] Did not find /mnt/data/matti/www/ezpublish-5.0.0/
Nov 23 15:07:17 [Info] 
INITIATING UPGRADE

Nov 23 15:07:17 [Info] The existing installation is located locally at /mnt/data/matti/www/intility_47/

Nov 23 15:07:17 [Info] Dumping database

Nov 23 15:07:18 [Info] matti_intility_470: OK (7,6 MB)

Nov 23 15:07:18 [Info] Upgrading intility_5 from version 4.7.0 to version 5.0.0

Nov 23 15:07:18 [Info] Checking requirements 
Nov 23 15:07:18 [Info] OK

Nov 23 15:07:18 [Info] Performing pre-upgrade checks 
Nov 23 15:07:18 [Info] OK

Nov 23 15:07:18 [Info] Checking for local distro

Nov 23 15:07:18 [Info] Match found: ezpublish5-5.0.0-rc1-ee-ttl.tar.gz 

Nov 23 15:07:18 [Info] Copying distro from specified location 
Nov 23 15:07:19 [Info] OK

Nov 23 15:07:19 [Info] Extracting ezpublish5-5.0.0-rc1-ee-ttl.tar.gz to /mnt/data/matti/www/

Nov 23 15:07:25 [Info] OK

Nov 23 15:07:25 [Info] Copying files

Nov 23 15:08:02 [Info] 
INITIATING UPGRADE

Nov 23 15:08:02 [Info] The existing installation is located locally at /mnt/data/matti/www/intility_47/

Nov 23 15:08:02 [Info] Dumping database

Nov 23 15:08:05 [Info] matti_intility_470: OK (7,6 MB)

Nov 23 15:08:05 [Info] Upgrading intility_5 from version 4.7.0 to version 5.0.0

Nov 23 15:08:05 [Info] Checking requirements 
Nov 23 15:08:05 [Info] OK

Nov 23 15:08:05 [Info] Performing pre-upgrade checks 
Nov 23 15:08:05 [Info] OK

Nov 23 15:08:05 [Info] Checking for local distro

Nov 23 15:08:05 [Info] Match found: ezpublish5-5.0.0-rc1-ee-ttl.tar.gz 

Nov 23 15:08:05 [Info] Copying distro from specified location 
Nov 23 15:08:05 [Info] OK

Nov 23 15:08:06 [Error] Did not find /mnt/data/matti/www/ezpublish-5.0.0/
Nov 23 15:08:26 [Info] 
INITIATING UPGRADE

Nov 23 15:08:26 [Info] The existing installation is located locally at /mnt/data/matti/www/intility_47/

Nov 23 15:08:26 [Info] Dumping database

Nov 23 15:08:27 [Info] matti_intility_470: OK (7,6 MB)

Nov 23 15:08:27 [Info] Upgrading intility_5 from version 4.7.0 to version 5.0.0

Nov 23 15:08:27 [Info] Checking requirements 
Nov 23 15:08:27 [Info] OK

Nov 23 15:08:27 [Info] Performing pre-upgrade checks 
Nov 23 15:08:27 [Info] OK

Nov 23 15:08:27 [Info] Checking for local distro

Nov 23 15:08:27 [Info] Match found: ezpublish5-5.0.0-rc1-ee-ttl.tar.gz 

Nov 23 15:08:27 [Info] Copying distro from specified location 
Nov 23 15:08:28 [Info] OK

Nov 23 15:08:29 [Error] Did not find /mnt/data/matti/www/ezpublish-5.0.0/
Nov 23 15:08:52 [Info] 
INITIATING UPGRADE

Nov 23 15:08:52 [Info] The existing installation is located locally at /mnt/data/matti/www/intility_47/

Nov 23 15:08:52 [Info] Dumping database

Nov 23 15:08:53 [Info] matti_intility_470: OK (7,6 MB)

Nov 23 15:08:53 [Info] Upgrading intility_5 from version 4.7.0 to version 5.0.0

Nov 23 15:08:53 [Info] Checking requirements 
Nov 23 15:08:53 [Info] OK

Nov 23 15:08:53 [Info] Performing pre-upgrade checks 
Nov 23 15:08:53 [Info] OK

Nov 23 15:08:53 [Info] Checking for local distro

Nov 23 15:08:53 [Info] Match found: ezpublish5-5.0.0-rc1-ee-ttl.tar.gz 

Nov 23 15:08:53 [Info] Copying distro from specified location 
Nov 23 15:08:54 [Info] OK

Nov 23 15:08:55 [Error] Did not find /mnt/data/matti/www/ezpublish-5.0.0/
Nov 23 15:11:55 [Info] 
INITIATING UPGRADE

Nov 23 15:11:55 [Info] The existing installation is located locally at /mnt/data/matti/www/intility_47/

Nov 23 15:11:55 [Info] Dumping database

Nov 23 15:11:56 [Info] matti_intility_470: OK (7,6 MB)

Nov 23 15:11:56 [Info] Upgrading intility_5 from version 4.7.0 to version 5.0.0

Nov 23 15:11:56 [Info] Checking requirements 
Nov 23 15:11:56 [Info] OK

Nov 23 15:11:56 [Info] Performing pre-upgrade checks 
Nov 23 15:11:56 [Info] OK

Nov 23 15:11:56 [Info] Checking for local distro

Nov 23 15:11:56 [Info] Match found: ezpublish5-5.0.0-rc1-ee-ttl.tar.gz 

Nov 23 15:11:56 [Info] Copying distro from specified location 
Nov 23 15:11:57 [Info] OK

Nov 23 15:11:57 [Error] Did not find /mnt/data/matti/www/ezpublish-5.0.0/
Nov 23 15:12:17 [Info] 
INITIATING UPGRADE

Nov 23 15:12:17 [Info] The existing installation is located locally at /mnt/data/matti/www/intility_47/

Nov 23 15:12:17 [Info] Dumping database

Nov 23 15:12:17 [Info] matti_intility_470: OK (7,6 MB)

Nov 23 15:12:17 [Info] Upgrading intility_5 from version 4.7.0 to version 5.0.0

Nov 23 15:12:17 [Info] Checking requirements 
Nov 23 15:12:17 [Info] OK

Nov 23 15:12:17 [Info] Performing pre-upgrade checks 
Nov 23 15:12:17 [Info] OK

Nov 23 15:12:17 [Info] Checking for local distro

Nov 23 15:12:17 [Info] Match found: ezpublish5-5.0.0-rc1-ee-ttl.tar.gz 

Nov 23 15:12:17 [Info] Copying distro from specified location 
Nov 23 15:12:17 [Info] OK

Nov 23 15:12:18 [Info] Extracting ezpublish5-5.0.0-rc1-ee-ttl.tar.gz to /mnt/data/matti/www/

Nov 23 15:12:25 [Info] OK

Nov 23 15:12:25 [Info] Copying files

Nov 23 15:13:41 [Info] 
INITIATING UPGRADE

Nov 23 15:13:41 [Info] The existing installation is located locally at /mnt/data/matti/www/intility_47/

Nov 23 15:13:41 [Info] Dumping database

Nov 23 15:13:42 [Info] matti_intility_470: OK (7,6 MB)

Nov 23 15:13:42 [Info] Upgrading intility_5 from version 4.7.0 to version 5.0.0

Nov 23 15:13:42 [Info] Checking requirements 
Nov 23 15:13:42 [Info] OK

Nov 23 15:13:42 [Info] Performing pre-upgrade checks 
Nov 23 15:13:42 [Info] OK

Nov 23 15:13:42 [Info] Checking for local distro

Nov 23 15:13:42 [Info] Match found: ezpublish5-5.0.0-rc1-ee-ttl.tar.gz 

Nov 23 15:13:42 [Info] Copying distro from specified location 
Nov 23 15:13:42 [Info] OK

Nov 23 15:13:43 [Info] Extracting ezpublish5-5.0.0-rc1-ee-ttl.tar.gz to /mnt/data/matti/www/

Nov 23 15:13:49 [Info] OK

Nov 23 15:13:49 [Info] Copying files

Nov 23 15:14:14 [Info] 
INITIATING UPGRADE

Nov 23 15:14:14 [Info] The existing installation is located locally at /mnt/data/matti/www/intility_47/

Nov 23 15:14:14 [Info] Dumping database

Nov 23 15:14:14 [Info] matti_intility_470: OK (7,6 MB)

Nov 23 15:14:14 [Info] Upgrading intility_5 from version 4.7.0 to version 5.0.0

Nov 23 15:14:14 [Info] Checking requirements 
Nov 23 15:14:14 [Info] OK

Nov 23 15:14:14 [Info] Performing pre-upgrade checks 
Nov 23 15:14:14 [Info] OK

Nov 23 15:14:14 [Info] Checking for local distro

Nov 23 15:14:14 [Info] Match found: ezpublish5-5.0.0-rc1-ee-ttl.tar.gz 

Nov 23 15:14:14 [Info] Copying distro from specified location 
Nov 23 15:14:14 [Info] OK

Nov 23 15:14:15 [Info] Extracting ezpublish5-5.0.0-rc1-ee-ttl.tar.gz to /mnt/data/matti/www/

Nov 23 15:14:22 [Info] OK

Nov 23 15:14:22 [Info] Copying files

Nov 23 15:14:53 [Info] Copying var/ directory 
Nov 23 15:14:54 [Info] OK

Nov 23 15:14:54 [Info] Copying extension/ez_network 
Nov 23 15:14:54 [Info] OK 

Nov 23 15:14:54 [Info] Copying extension/ezautosave 
Nov 23 15:14:54 [Info] OK 

Nov 23 15:14:54 [Info] Copying extension/ezcomments 
Nov 23 15:14:55 [Info] OK 

Nov 23 15:14:55 [Info] Copying extension/ezformtoken 
Nov 23 15:14:55 [Info] OK 

Nov 23 15:14:55 [Info] Copying extension/ezgmaplocation 
Nov 23 15:14:55 [Info] OK 

Nov 23 15:14:55 [Info] Copying extension/ezie 
Nov 23 15:14:55 [Info] OK 

Nov 23 15:14:55 [Info] Copying extension/ezjscore 
Nov 23 15:14:59 [Info] OK 

Nov 23 15:14:59 [Info] Copying extension/ezmbpaex 
Nov 23 15:14:59 [Info] OK 

Nov 23 15:14:59 [Info] Copying extension/ezmultiupload 
Nov 23 15:14:59 [Info] OK 

Nov 23 15:14:59 [Info] Copying extension/ezodf 
Nov 23 15:14:59 [Info] OK 

Nov 23 15:14:59 [Info] Copying extension/ezoe 
Nov 23 15:15:01 [Info] OK 

Nov 23 15:15:01 [Info] Copying extension/ezprestapiprovider 
Nov 23 15:15:01 [Info] OK 

Nov 23 15:15:01 [Info] Copying extension/ezscriptmonitor 
Nov 23 15:15:01 [Info] OK 

Nov 23 15:15:01 [Info] Copying extension/ezsi 
Nov 23 15:15:01 [Info] OK 

Nov 23 15:15:01 [Info] Copying extension/ezstarrating 
Nov 23 15:15:01 [Info] OK 

Nov 23 15:15:01 [Info] Copying extension/ezwebin 
Nov 23 15:15:02 [Info] OK 

Nov 23 15:15:02 [Info] Copying extension/ezwt 
Nov 23 15:15:03 [Info] OK 

Nov 23 15:15:03 [Info] Copying extension/nmbase 
Nov 23 15:15:03 [Info] OK 

Nov 23 15:15:03 [Info] Copying extension/nmcontentclass 
Nov 23 15:15:03 [Info] OK 

Nov 23 15:15:03 [Info] Copying extension/nmdesignintility 
Nov 23 15:15:05 [Info] OK 

Nov 23 15:15:05 [Info] Copying extension/nmdesignintility_sites_repo 
Nov 23 15:15:06 [Info] OK 

Nov 23 15:15:06 [Info] Copying extension/nmstrictfixes 
Nov 23 15:15:06 [Info] OK 

Nov 23 15:15:06 [Info] Copying extension/swark 
Nov 23 15:15:06 [Info] OK 

Nov 23 15:15:06 [Info] Copying settings/override/audit.ini.append.php 
Nov 23 15:15:06 [Info] OK 

Nov 23 15:15:06 [Info] Copying settings/override/content.ini.append.php 
Nov 23 15:15:06 [Info] OK 

Nov 23 15:15:06 [Info] Copying settings/override/ezmultiupload.ini.append.php 
Nov 23 15:15:06 [Info] OK 

Nov 23 15:15:06 [Info] Copying settings/override/ezoe_attributes.ini.append.php 
Nov 23 15:15:06 [Info] OK 

Nov 23 15:15:06 [Info] Copying settings/override/ezxml.ini.append.php 
Nov 23 15:15:06 [Info] OK 

Nov 23 15:15:06 [Info] Copying settings/override/forum.ini.append.php 
Nov 23 15:15:06 [Info] OK 

Nov 23 15:15:06 [Info] Copying settings/override/i18n.ini.append.php 
Nov 23 15:15:06 [Info] OK 

Nov 23 15:15:06 [Info] Copying settings/override/image.ini.append.php 
Nov 23 15:15:06 [Info] OK 

Nov 23 15:15:06 [Info] Copying settings/override/menu.ini.append.php 
Nov 23 15:15:06 [Info] OK 

Nov 23 15:15:06 [Info] Copying settings/override/site.ini.append.php 
Nov 23 15:15:06 [Info] OK 

Nov 23 15:15:06 [Info] Copying settings/override/site.ini.append.php~ 
Nov 23 15:15:06 [Info] OK 

Nov 23 15:15:06 [Info] Copying settings/override/viewcache.ini.append.php 
Nov 23 15:15:06 [Info] OK 

Nov 23 15:15:06 [Info] Copying settings/siteaccess/admin 
Nov 23 15:15:06 [Info] OK 

Nov 23 15:15:06 [Info] Copying settings/siteaccess/eng 
Nov 23 15:15:07 [Info] OK 

Nov 23 15:15:07 [Info] Copying settings/siteaccess/ezwebin 
Nov 23 15:15:07 [Info] OK 

Nov 23 15:15:07 [Info] Copying settings/siteaccess/nor 
Nov 23 15:15:07 [Info] OK 

Nov 23 15:15:07 [Info] Copying settings/siteaccess/site_admin 
Nov 23 15:15:07 [Info] OK 

Nov 23 15:15:07 [Info] Copying design/admin 
Nov 23 15:15:08 [Info] OK 

Nov 23 15:15:08 [Info] Copying design/admin2 
Nov 23 15:15:10 [Info] OK 

Nov 23 15:15:10 [Info] Copying design/base 
Nov 23 15:15:11 [Info] OK 

Nov 23 15:15:11 [Info] Copying design/ezwebin_site 
Nov 23 15:15:11 [Info] OK 

Nov 23 15:15:11 [Info] Copying design/standard 
Nov 23 15:15:14 [Info] OK 

Nov 23 15:15:14 [Info] Copying databases

Nov 23 15:15:14 [Info] Creating database matti_intility_500 
Nov 23 15:15:14 [Info] OK

Nov 23 15:15:14 [Info] Applying /mnt/data/matti/www/intility_47/_dbdump/matti_intility_470.sql to database matti_intility_500 
Nov 23 15:15:18 [Info] OK

Nov 23 15:18:40 [Info] 
INITIATING UPGRADE

Nov 23 15:18:40 [Info] The existing installation is located locally at /mnt/data/matti/www/intility_47/

Nov 23 15:18:40 [Info] Dumping database

Nov 23 15:18:41 [Info] matti_intility_470: OK (7,6 MB)

Nov 23 15:18:42 [Info] Upgrading intility_5 from version 4.7.0 to version 5.0.0

Nov 23 15:18:42 [Info] Checking requirements 
Nov 23 15:18:42 [Info] OK

Nov 23 15:18:42 [Info] Performing pre-upgrade checks 
Nov 23 15:18:42 [Info] OK

Nov 23 15:18:42 [Info] Checking for local distro

Nov 23 15:18:42 [Info] Match found: ezpublish5-5.0.0-rc1-ee-ttl.tar.gz 

Nov 23 15:18:42 [Info] Copying distro from specified location 
Nov 23 15:18:42 [Info] OK

Nov 23 15:18:43 [Info] Extracting ezpublish5-5.0.0-rc1-ee-ttl.tar.gz to /mnt/data/matti/www/

Nov 23 15:18:53 [Info] OK

Nov 23 15:18:53 [Info] Copying files

Nov 23 15:18:57 [Info] Copying var/ directory 
Nov 23 15:18:57 [Info] OK

Nov 23 15:18:57 [Info] Copying extension/ez_network 
Nov 23 15:18:58 [Info] OK 

Nov 23 15:18:58 [Info] Copying extension/ezautosave 
Nov 23 15:18:58 [Info] OK 

Nov 23 15:18:58 [Info] Copying extension/ezcomments 
Nov 23 15:18:58 [Info] OK 

Nov 23 15:18:58 [Info] Copying extension/ezformtoken 
Nov 23 15:18:58 [Info] OK 

Nov 23 15:18:58 [Info] Copying extension/ezgmaplocation 
Nov 23 15:18:58 [Info] OK 

Nov 23 15:18:58 [Info] Copying extension/ezie 
Nov 23 15:18:58 [Info] OK 

Nov 23 15:18:58 [Info] Copying extension/ezjscore 
Nov 23 15:18:59 [Info] OK 

Nov 23 15:18:59 [Info] Copying extension/ezmbpaex 
Nov 23 15:18:59 [Info] OK 

Nov 23 15:18:59 [Info] Copying extension/ezmultiupload 
Nov 23 15:19:00 [Info] OK 

Nov 23 15:19:00 [Info] Copying extension/ezodf 
Nov 23 15:19:00 [Info] OK 

Nov 23 15:19:00 [Info] Copying extension/ezoe 
Nov 23 15:19:00 [Info] OK 

Nov 23 15:19:00 [Info] Copying extension/ezprestapiprovider 
Nov 23 15:19:00 [Info] OK 

Nov 23 15:19:00 [Info] Copying extension/ezscriptmonitor 
Nov 23 15:19:00 [Info] OK 

Nov 23 15:19:00 [Info] Copying extension/ezsi 
Nov 23 15:19:00 [Info] OK 

Nov 23 15:19:00 [Info] Copying extension/ezstarrating 
Nov 23 15:19:01 [Info] OK 

Nov 23 15:19:01 [Info] Copying extension/ezwebin 
Nov 23 15:19:01 [Info] OK 

Nov 23 15:19:01 [Info] Copying extension/ezwt 
Nov 23 15:19:01 [Info] OK 

Nov 23 15:19:01 [Info] Copying extension/nmbase 
Nov 23 15:19:02 [Info] OK 

Nov 23 15:19:02 [Info] Copying extension/nmcontentclass 
Nov 23 15:19:02 [Info] OK 

Nov 23 15:19:02 [Info] Copying extension/nmdesignintility 
Nov 23 15:19:02 [Info] OK 

Nov 23 15:19:02 [Info] Copying extension/nmdesignintility_sites_repo 
Nov 23 15:19:03 [Info] OK 

Nov 23 15:19:03 [Info] Copying extension/nmstrictfixes 
Nov 23 15:19:03 [Info] OK 

Nov 23 15:19:03 [Info] Copying extension/swark 
Nov 23 15:19:03 [Info] OK 

Nov 23 15:19:03 [Info] Copying settings/override/audit.ini.append.php 
Nov 23 15:19:03 [Info] OK 

Nov 23 15:19:03 [Info] Copying settings/override/content.ini.append.php 
Nov 23 15:19:03 [Info] OK 

Nov 23 15:19:03 [Info] Copying settings/override/ezmultiupload.ini.append.php 
Nov 23 15:19:03 [Info] OK 

Nov 23 15:19:03 [Info] Copying settings/override/ezoe_attributes.ini.append.php 
Nov 23 15:19:03 [Info] OK 

Nov 23 15:19:03 [Info] Copying settings/override/ezxml.ini.append.php 
Nov 23 15:19:03 [Info] OK 

Nov 23 15:19:03 [Info] Copying settings/override/forum.ini.append.php 
Nov 23 15:19:03 [Info] OK 

Nov 23 15:19:03 [Info] Copying settings/override/i18n.ini.append.php 
Nov 23 15:19:03 [Info] OK 

Nov 23 15:19:03 [Info] Copying settings/override/image.ini.append.php 
Nov 23 15:19:04 [Info] OK 

Nov 23 15:19:04 [Info] Copying settings/override/menu.ini.append.php 
Nov 23 15:19:04 [Info] OK 

Nov 23 15:19:04 [Info] Copying settings/override/site.ini.append.php 
Nov 23 15:19:04 [Info] OK 

Nov 23 15:19:04 [Info] Copying settings/override/site.ini.append.php~ 
Nov 23 15:19:04 [Info] OK 

Nov 23 15:19:04 [Info] Copying settings/override/viewcache.ini.append.php 
Nov 23 15:19:04 [Info] OK 

Nov 23 15:19:04 [Info] Copying settings/siteaccess/admin 
Nov 23 15:19:04 [Info] OK 

Nov 23 15:19:04 [Info] Copying settings/siteaccess/eng 
Nov 23 15:19:04 [Info] OK 

Nov 23 15:19:04 [Info] Copying settings/siteaccess/ezwebin 
Nov 23 15:19:04 [Info] OK 

Nov 23 15:19:04 [Info] Copying settings/siteaccess/nor 
Nov 23 15:19:04 [Info] OK 

Nov 23 15:19:04 [Info] Copying settings/siteaccess/site_admin 
Nov 23 15:19:04 [Info] OK 

Nov 23 15:19:04 [Info] Copying design/admin 
Nov 23 15:19:09 [Info] OK 

Nov 23 15:19:09 [Info] Copying design/admin2 
Nov 23 15:19:10 [Info] OK 

Nov 23 15:19:10 [Info] Copying design/base 
Nov 23 15:19:10 [Info] OK 

Nov 23 15:19:10 [Info] Copying design/ezwebin_site 
Nov 23 15:19:10 [Info] OK 

Nov 23 15:19:10 [Info] Copying design/standard 
Nov 23 15:19:11 [Info] OK 

Nov 23 15:19:11 [Info] Copying databases

Nov 23 15:19:11 [Info] Creating database matti_intility_500 
Nov 23 15:19:12 [Info] OK

Nov 23 15:19:12 [Info] Applying /mnt/data/matti/www/intility_47/_dbdump/matti_intility_470.sql to database matti_intility_500 
Nov 23 15:19:18 [Info] OK

Nov 23 15:19:46 [Info] 
INITIATING UPGRADE

Nov 23 15:19:46 [Info] The existing installation is located locally at /mnt/data/matti/www/intility_47/

Nov 23 15:19:46 [Info] Dumping database

Nov 23 15:19:46 [Info] matti_intility_470: OK (7,6 MB)

Nov 23 15:19:46 [Info] Upgrading intility_5 from version 4.7.0 to version 5.0.0

Nov 23 15:19:46 [Info] Checking requirements 
Nov 23 15:19:46 [Info] OK

Nov 23 15:19:46 [Info] Performing pre-upgrade checks 
Nov 23 15:19:46 [Info] OK

Nov 23 15:19:46 [Info] Checking for local distro

Nov 23 15:19:46 [Info] Match found: ezpublish5-5.0.0-rc1-ee-ttl.tar.gz 

Nov 23 15:19:46 [Info] Copying distro from specified location 
Nov 23 15:19:47 [Info] OK

Nov 23 15:19:47 [Info] Extracting ezpublish5-5.0.0-rc1-ee-ttl.tar.gz to /mnt/data/matti/www/

Nov 23 15:19:55 [Info] OK

Nov 23 15:19:55 [Info] Copying files

Nov 23 15:19:57 [Info] Copying var/ directory 
Nov 23 15:21:15 [Info] OK

Nov 23 15:21:15 [Info] Copying extension/ez_network 
Nov 23 15:21:15 [Info] OK 

Nov 23 15:22:18 [Info] Copying extension/ezcomments 
Nov 23 15:22:18 [Info] OK 

Nov 23 15:22:19 [Info] Copying extension/ezgmaplocation 
Nov 23 15:22:19 [Info] OK 

Nov 23 15:22:27 [Info] Copying extension/ezstarrating 
Nov 23 15:22:27 [Info] OK 

Nov 23 15:22:27 [Info] Copying extension/ezwebin 
Nov 23 15:22:28 [Info] OK 

Nov 23 15:22:28 [Info] Copying extension/ezwt 
Nov 23 15:22:28 [Info] OK 

Nov 23 15:22:28 [Info] Copying extension/nmbase 
Nov 23 15:22:28 [Info] OK 

Nov 23 15:22:28 [Info] Copying extension/nmcontentclass 
Nov 23 15:22:28 [Info] OK 

Nov 23 15:22:28 [Info] Copying extension/nmdesignintility 
Nov 23 15:22:29 [Info] OK 

Nov 23 15:22:29 [Info] Copying extension/nmdesignintility_sites_repo 
Nov 23 15:22:29 [Info] OK 

Nov 23 15:22:29 [Info] Copying extension/nmstrictfixes 
Nov 23 15:22:29 [Info] OK 

Nov 23 15:22:29 [Info] Copying extension/swark 
Nov 23 15:22:29 [Info] OK 

Nov 23 15:22:29 [Info] Copying settings/override/audit.ini.append.php 
Nov 23 15:22:29 [Info] OK 

Nov 23 15:22:29 [Info] Copying settings/override/content.ini.append.php 
Nov 23 15:22:29 [Info] OK 

Nov 23 15:22:29 [Info] Copying settings/override/ezmultiupload.ini.append.php 
Nov 23 15:22:29 [Info] OK 

Nov 23 15:22:29 [Info] Copying settings/override/ezoe_attributes.ini.append.php 
Nov 23 15:22:29 [Info] OK 

Nov 23 15:22:29 [Info] Copying settings/override/ezxml.ini.append.php 
Nov 23 15:22:29 [Info] OK 

Nov 23 15:22:29 [Info] Copying settings/override/forum.ini.append.php 
Nov 23 15:22:29 [Info] OK 

Nov 23 15:22:29 [Info] Copying settings/override/i18n.ini.append.php 
Nov 23 15:22:29 [Info] OK 

Nov 23 15:22:29 [Info] Copying settings/override/image.ini.append.php 
Nov 23 15:22:29 [Info] OK 

Nov 23 15:22:29 [Info] Copying settings/override/menu.ini.append.php 
Nov 23 15:22:29 [Info] OK 

Nov 23 15:22:29 [Info] Copying settings/override/site.ini.append.php 
Nov 23 15:22:29 [Info] OK 

Nov 23 15:22:29 [Info] Copying settings/override/site.ini.append.php~ 
Nov 23 15:22:29 [Info] OK 

Nov 23 15:22:29 [Info] Copying settings/override/viewcache.ini.append.php 
Nov 23 15:22:29 [Info] OK 

Nov 23 15:22:29 [Info] Copying settings/siteaccess/admin 
Nov 23 15:22:29 [Info] OK 

Nov 23 15:22:29 [Info] Copying settings/siteaccess/eng 
Nov 23 15:22:29 [Info] OK 

Nov 23 15:22:29 [Info] Copying settings/siteaccess/ezwebin 
Nov 23 15:22:29 [Info] OK 

Nov 23 15:22:29 [Info] Copying settings/siteaccess/nor 
Nov 23 15:22:30 [Info] OK 

Nov 23 15:22:30 [Info] Copying settings/siteaccess/site_admin 
Nov 23 15:22:30 [Info] OK 

Nov 23 15:22:43 [Info] Copying design/admin2 
Nov 23 15:22:43 [Info] OK 

Nov 23 15:22:44 [Info] Copying design/ezwebin_site 
Nov 23 15:22:44 [Info] OK 

Nov 23 15:22:45 [Info] Copying databases

Nov 23 15:22:45 [Info] Creating database matti_intility_500 
Nov 23 15:22:45 [Info] OK

Nov 23 15:22:45 [Info] Applying /mnt/data/matti/www/intility_47/_dbdump/matti_intility_470.sql to database matti_intility_500 
Nov 23 15:22:49 [Info] OK

Nov 23 15:22:49 [Info] end of updateDBConnections()

Nov 23 15:22:49 [Info] Running upgrades for v. 5.0.0

Nov 23 15:22:49 [Info] Upgrade function updateDBForVersion 
Nov 23 15:22:49 [Info] run

Nov 23 15:22:49 [Info] Applying sql/5.0/5.0.0.sql to database matti_intility_500 
Nov 23 15:22:49 [Info] OK

Nov 23 15:22:49 [Info] Upgrade function generateAutoLoads 
Nov 23 15:22:49 [Info] run

Nov 23 15:22:49 [Info] Running script bin/php/ezpgenerateautoloads.php --extension  -snor
Nov 23 15:22:49 [Info] OK

Nov 23 15:22:49 [Info] Upgrade function generateAutoLoadsKernel 
Nov 23 15:22:49 [Info] run

Nov 23 15:22:49 [Info] Running script bin/php/ezpgenerateautoloads.php --kernel  -snor
Nov 23 15:22:49 [Info] OK

Nov 23 15:22:49 [Info] Upgrade function clearCache 
Nov 23 15:22:49 [Info] run

Nov 23 15:22:49 [Info] Running script bin/php/ezcache.php --clear-all --purge  -snor
Nov 23 15:23:00 [Info] OK

Nov 23 15:23:00 [Info] Granting DB user matti access to database matti_intility_500 
Nov 23 15:23:00 [Info] OK

Nov 23 15:23:00 [Info] Running modfix script 
Nov 23 15:23:00 [Info] OK

Nov 23 15:23:00 [Info] Giving 777 permissions to the var/ directory 
Nov 23 15:23:01 [Info] OK

Nov 23 15:23:01 [Info] Deleted database dump from the old site 
Nov 23 15:23:01 [Info] OK

Nov 23 15:23:01 [Warning] Remember to set up the cronjobs for the upgraded site.

Nov 23 15:23:01 [Warning] You need to clear the cache!


Nov 23 15:23:01 [Warning] The log file is locateded in lib/ezcopy/logs/

Nov 23 15:23:01 [Warning] Remember to install eZ Network! Follow the instructions here: /mnt/data/matti/www/ezpublish-5.0.0/ezpublish_legacy/extension/ez_network/docs/INSTALL.txt

Nov 23 15:23:01 [Info] Upgrade from v. 4.7.0 to v. 5.0.0 complete


Nov 23 15:31:14 [Info] 
INITIATING UPGRADE

Nov 23 15:31:14 [Info] The existing installation is located locally at /mnt/data/matti/www/intility_47/

Nov 23 15:31:14 [Info] Dumping database

Nov 23 15:31:15 [Info] matti_intility_470: OK (7,6 MB)

Nov 23 15:31:15 [Info] Upgrading intility_5 from version 4.7.0 to version 5.0.0

Nov 23 15:31:15 [Info] Checking requirements 
Nov 23 15:31:15 [Info] OK

Nov 23 15:31:15 [Info] Performing pre-upgrade checks 
Nov 23 15:31:15 [Info] OK

Nov 23 15:31:15 [Info] Checking for local distro

Nov 23 15:31:15 [Info] Match found: ezpublish5-5.0.0-rc1-ee-ttl.tar.gz 

Nov 23 15:31:15 [Info] Copying distro from specified location 
Nov 23 15:31:15 [Info] OK

Nov 23 15:31:16 [Info] Extracting ezpublish5-5.0.0-rc1-ee-ttl.tar.gz to /mnt/data/matti/www/

Nov 23 15:31:32 [Info] OK

Nov 23 15:31:32 [Info] Copying files

Nov 23 15:35:30 [Info] 
INITIATING UPGRADE

Nov 23 15:35:30 [Info] The existing installation is located locally at /mnt/data/matti/www/intility_47/

Nov 23 15:35:30 [Info] Dumping database

Nov 23 15:35:31 [Info] matti_intility_470: OK (7,6 MB)

Nov 23 15:35:31 [Info] Upgrading intility_5 from version 4.7.0 to version 5.0.0

Nov 23 15:35:31 [Info] Checking requirements 
Nov 23 15:35:31 [Info] OK

Nov 23 15:35:31 [Info] Performing pre-upgrade checks 
Nov 23 15:35:31 [Info] OK

Nov 23 15:35:31 [Info] Checking for local distro

Nov 23 15:35:31 [Info] Match found: ezpublish5-5.0.0-rc1-ee-ttl.tar.gz 

Nov 23 15:35:31 [Info] Copying distro from specified location 
Nov 23 15:35:31 [Info] OK

Nov 23 15:35:31 [Info] Extracting ezpublish5-5.0.0-rc1-ee-ttl.tar.gz to /mnt/data/matti/www/

Nov 23 15:35:38 [Info] OK

Nov 23 15:35:38 [Info] Copying files

Nov 23 15:35:45 [Info] Copying extension/ez_network 
Nov 23 15:35:45 [Info] OK 

Nov 23 15:35:46 [Info] Copying extension/ezcomments 
Nov 23 15:35:46 [Info] OK 

Nov 23 15:35:46 [Info] Copying extension/ezgmaplocation 
Nov 23 15:35:46 [Info] OK 

Nov 23 15:35:52 [Info] Copying extension/ezstarrating 
Nov 23 15:35:52 [Info] OK 

Nov 23 15:35:52 [Info] Copying extension/ezwebin 
Nov 23 15:35:52 [Info] OK 

Nov 23 15:35:52 [Info] Copying extension/ezwt 
Nov 23 15:35:52 [Info] OK 

Nov 23 15:35:52 [Info] Copying extension/nmbase 
Nov 23 15:35:52 [Info] OK 

Nov 23 15:35:52 [Info] Copying extension/nmcontentclass 
Nov 23 15:35:52 [Info] OK 

Nov 23 15:35:52 [Info] Copying extension/nmdesignintility 
Nov 23 15:35:52 [Info] OK 

Nov 23 15:35:52 [Info] Copying extension/nmdesignintility_sites_repo 
Nov 23 15:35:52 [Info] OK 

Nov 23 15:35:52 [Info] Copying extension/nmstrictfixes 
Nov 23 15:35:52 [Info] OK 

Nov 23 15:35:52 [Info] Copying extension/swark 
Nov 23 15:35:52 [Info] OK 

Nov 23 15:35:52 [Info] Copying settings/override/audit.ini.append.php 
Nov 23 15:35:52 [Info] OK 

Nov 23 15:35:52 [Info] Copying settings/override/content.ini.append.php 
Nov 23 15:35:52 [Info] OK 

Nov 23 15:35:52 [Info] Copying settings/override/ezmultiupload.ini.append.php 
Nov 23 15:35:52 [Info] OK 

Nov 23 15:35:52 [Info] Copying settings/override/ezoe_attributes.ini.append.php 
Nov 23 15:35:52 [Info] OK 

Nov 23 15:35:52 [Info] Copying settings/override/ezxml.ini.append.php 
Nov 23 15:35:52 [Info] OK 

Nov 23 15:35:52 [Info] Copying settings/override/forum.ini.append.php 
Nov 23 15:35:52 [Info] OK 

Nov 23 15:35:52 [Info] Copying settings/override/i18n.ini.append.php 
Nov 23 15:35:52 [Info] OK 

Nov 23 15:35:52 [Info] Copying settings/override/image.ini.append.php 
Nov 23 15:35:52 [Info] OK 

Nov 23 15:35:52 [Info] Copying settings/override/menu.ini.append.php 
Nov 23 15:35:52 [Info] OK 

Nov 23 15:35:52 [Info] Copying settings/override/site.ini.append.php 
Nov 23 15:35:52 [Info] OK 

Nov 23 15:35:52 [Info] Copying settings/override/site.ini.append.php~ 
Nov 23 15:35:52 [Info] OK 

Nov 23 15:35:52 [Info] Copying settings/override/viewcache.ini.append.php 
Nov 23 15:35:52 [Info] OK 

Nov 23 15:35:52 [Info] Copying settings/siteaccess/admin 
Nov 23 15:35:52 [Info] OK 

Nov 23 15:35:52 [Info] Copying settings/siteaccess/eng 
Nov 23 15:35:52 [Info] OK 

Nov 23 15:35:52 [Info] Copying settings/siteaccess/ezwebin 
Nov 23 15:35:52 [Info] OK 

Nov 23 15:35:52 [Info] Copying settings/siteaccess/nor 
Nov 23 15:35:52 [Info] OK 

Nov 23 15:35:52 [Info] Copying settings/siteaccess/site_admin 
Nov 23 15:35:52 [Info] OK 

Nov 23 15:35:55 [Info] Copying design/admin2 
Nov 23 15:35:55 [Info] OK 

Nov 23 15:35:56 [Info] Copying design/ezwebin_site 
Nov 23 15:35:56 [Info] OK 

Nov 23 15:35:56 [Info] Copying databases

Nov 23 15:35:56 [Info] Creating database matti_intility_500 
Nov 23 15:35:56 [Info] OK

Nov 23 15:35:56 [Info] Applying /mnt/data/matti/www/intility_47/_dbdump/matti_intility_470.sql to database matti_intility_500 
Nov 23 15:36:00 [Info] OK

Nov 23 15:36:01 [Info] end of updateDBConnections()

Nov 23 15:36:01 [Info] Running upgrades for v. 5.0.0

Nov 23 15:36:01 [Info] Upgrade function createRequiredDirectoriesFor500 
Nov 23 15:36:01 [Info] run

Nov 23 15:36:33 [Info] 
INITIATING UPGRADE

Nov 23 15:36:33 [Info] The existing installation is located locally at /mnt/data/matti/www/intility_47/

Nov 23 15:36:33 [Info] Dumping database

Nov 23 15:36:33 [Info] matti_intility_470: OK (7,6 MB)

Nov 23 15:36:33 [Info] Upgrading intility_5 from version 4.7.0 to version 5.0.0

Nov 23 15:36:33 [Info] Checking requirements 
Nov 23 15:36:33 [Info] OK

Nov 23 15:36:33 [Info] Performing pre-upgrade checks 
Nov 23 15:36:33 [Info] OK

Nov 23 15:36:33 [Info] Checking for local distro

Nov 23 15:36:33 [Info] Match found: ezpublish5-5.0.0-rc1-ee-ttl.tar.gz 

Nov 23 15:36:33 [Info] Copying distro from specified location 
Nov 23 15:36:33 [Info] OK

Nov 23 15:36:34 [Info] Extracting ezpublish5-5.0.0-rc1-ee-ttl.tar.gz to /mnt/data/matti/www/

Nov 23 15:36:45 [Info] 
INITIATING UPGRADE

Nov 23 15:36:45 [Info] The existing installation is located locally at /mnt/data/matti/www/intility_47/

Nov 23 15:36:45 [Info] Dumping database

Nov 23 15:36:46 [Info] matti_intility_470: OK (7,6 MB)

Nov 23 15:36:46 [Info] Upgrading intility_5 from version 4.7.0 to version 5.0.0

Nov 23 15:36:46 [Info] Checking requirements 
Nov 23 15:36:46 [Info] OK

Nov 23 15:36:46 [Info] Performing pre-upgrade checks 
Nov 23 15:36:46 [Info] OK

Nov 23 15:36:46 [Info] Checking for local distro

Nov 23 15:36:46 [Info] Match found: ezpublish5-5.0.0-rc1-ee-ttl.tar.gz 

Nov 23 15:36:46 [Info] Copying distro from specified location 
Nov 23 15:36:46 [Info] OK

Nov 23 15:36:46 [Info] Extracting ezpublish5-5.0.0-rc1-ee-ttl.tar.gz to /mnt/data/matti/www/

Nov 23 15:36:53 [Info] OK

Nov 23 15:36:53 [Info] Copying files

Nov 23 15:36:55 [Info] Copying extension/ez_network 
Nov 23 15:36:55 [Info] OK 

Nov 23 15:36:56 [Info] Copying extension/ezcomments 
Nov 23 15:36:56 [Info] OK 

Nov 23 15:36:56 [Info] Copying extension/ezgmaplocation 
Nov 23 15:36:56 [Info] OK 

Nov 23 15:37:12 [Info] Copying extension/ezstarrating 
Nov 23 15:37:12 [Info] OK 

Nov 23 15:37:12 [Info] Copying extension/ezwebin 
Nov 23 15:37:12 [Info] OK 

Nov 23 15:37:12 [Info] Copying extension/ezwt 
Nov 23 15:37:12 [Info] OK 

Nov 23 15:37:12 [Info] Copying extension/nmbase 
Nov 23 15:37:12 [Info] OK 

Nov 23 15:37:12 [Info] Copying extension/nmcontentclass 
Nov 23 15:37:12 [Info] OK 

Nov 23 15:37:12 [Info] Copying extension/nmdesignintility 
Nov 23 15:37:12 [Info] OK 

Nov 23 15:37:12 [Info] Copying extension/nmdesignintility_sites_repo 
Nov 23 15:37:12 [Info] OK 

Nov 23 15:37:12 [Info] Copying extension/nmstrictfixes 
Nov 23 15:37:12 [Info] OK 

Nov 23 15:37:12 [Info] Copying extension/swark 
Nov 23 15:37:12 [Info] OK 

Nov 23 15:37:12 [Info] Copying settings/override/audit.ini.append.php 
Nov 23 15:37:12 [Info] OK 

Nov 23 15:37:12 [Info] Copying settings/override/content.ini.append.php 
Nov 23 15:37:12 [Info] OK 

Nov 23 15:37:12 [Info] Copying settings/override/ezmultiupload.ini.append.php 
Nov 23 15:37:12 [Info] OK 

Nov 23 15:37:12 [Info] Copying settings/override/ezoe_attributes.ini.append.php 
Nov 23 15:37:12 [Info] OK 

Nov 23 15:37:12 [Info] Copying settings/override/ezxml.ini.append.php 
Nov 23 15:37:12 [Info] OK 

Nov 23 15:37:12 [Info] Copying settings/override/forum.ini.append.php 
Nov 23 15:37:12 [Info] OK 

Nov 23 15:37:12 [Info] Copying settings/override/i18n.ini.append.php 
Nov 23 15:37:12 [Info] OK 

Nov 23 15:37:12 [Info] Copying settings/override/image.ini.append.php 
Nov 23 15:37:12 [Info] OK 

Nov 23 15:37:12 [Info] Copying settings/override/menu.ini.append.php 
Nov 23 15:37:12 [Info] OK 

Nov 23 15:37:12 [Info] Copying settings/override/site.ini.append.php 
Nov 23 15:37:12 [Info] OK 

Nov 23 15:37:12 [Info] Copying settings/override/site.ini.append.php~ 
Nov 23 15:37:12 [Info] OK 

Nov 23 15:37:12 [Info] Copying settings/override/viewcache.ini.append.php 
Nov 23 15:37:12 [Info] OK 

Nov 23 15:37:12 [Info] Copying settings/siteaccess/admin 
Nov 23 15:37:12 [Info] OK 

Nov 23 15:37:12 [Info] Copying settings/siteaccess/eng 
Nov 23 15:37:12 [Info] OK 

Nov 23 15:37:12 [Info] Copying settings/siteaccess/ezwebin 
Nov 23 15:37:13 [Info] OK 

Nov 23 15:37:13 [Info] Copying settings/siteaccess/nor 
Nov 23 15:37:13 [Info] OK 

Nov 23 15:37:13 [Info] Copying settings/siteaccess/site_admin 
Nov 23 15:37:13 [Info] OK 

Nov 23 15:37:15 [Info] Copying design/admin2 
Nov 23 15:37:15 [Info] OK 

Nov 23 15:37:15 [Info] Copying design/ezwebin_site 
Nov 23 15:37:15 [Info] OK 

Nov 23 15:37:16 [Info] Copying databases

Nov 23 15:37:16 [Info] Creating database matti_intility_500 
Nov 23 15:37:16 [Info] OK

Nov 23 15:37:16 [Info] Applying /mnt/data/matti/www/intility_47/_dbdump/matti_intility_470.sql to database matti_intility_500 
Nov 23 15:37:21 [Info] OK

Nov 23 15:37:21 [Info] end of updateDBConnections()

Nov 23 15:37:21 [Info] Running upgrades for v. 5.0.0

Nov 23 15:37:21 [Info] Upgrade function createRequiredDirectoriesFor500 
Nov 23 15:37:21 [Info] run

Nov 23 15:38:31 [Info] 
INITIATING UPGRADE

Nov 23 15:38:31 [Info] The existing installation is located locally at /mnt/data/matti/www/intility_47/

Nov 23 15:38:31 [Info] Dumping database

Nov 23 15:38:33 [Info] matti_intility_470: OK (7,6 MB)

Nov 23 15:38:33 [Info] Upgrading intility_5 from version 4.7.0 to version 5.0.0

Nov 23 15:38:33 [Info] Checking requirements 
Nov 23 15:38:33 [Info] OK

Nov 23 15:38:33 [Info] Performing pre-upgrade checks 
Nov 23 15:38:33 [Info] OK

Nov 23 15:38:33 [Info] Checking for local distro

Nov 23 15:38:33 [Info] Match found: ezpublish5-5.0.0-rc1-ee-ttl.tar.gz 

Nov 23 15:38:33 [Info] Copying distro from specified location 
Nov 23 15:38:33 [Info] OK

Nov 23 15:38:34 [Info] Extracting ezpublish5-5.0.0-rc1-ee-ttl.tar.gz to /mnt/data/matti/www/

Nov 23 15:38:42 [Info] OK

Nov 23 15:38:42 [Info] Copying files

Nov 23 15:38:49 [Info] Copying extension/ez_network 
Nov 23 15:38:49 [Info] OK 

Nov 23 15:38:49 [Info] Copying extension/ezcomments 
Nov 23 15:38:49 [Info] OK 

Nov 23 15:38:50 [Info] Copying extension/ezgmaplocation 
Nov 23 15:38:50 [Info] OK 

Nov 23 15:38:51 [Info] Copying extension/ezstarrating 
Nov 23 15:38:51 [Info] OK 

Nov 23 15:38:51 [Info] Copying extension/ezwebin 
Nov 23 15:38:51 [Info] OK 

Nov 23 15:38:51 [Info] Copying extension/ezwt 
Nov 23 15:38:51 [Info] OK 

Nov 23 15:38:51 [Info] Copying extension/nmbase 
Nov 23 15:38:51 [Info] OK 

Nov 23 15:38:51 [Info] Copying extension/nmcontentclass 
Nov 23 15:38:51 [Info] OK 

Nov 23 15:38:51 [Info] Copying extension/nmdesignintility 
Nov 23 15:38:51 [Info] OK 

Nov 23 15:38:51 [Info] Copying extension/nmdesignintility_sites_repo 
Nov 23 15:38:51 [Info] OK 

Nov 23 15:38:51 [Info] Copying extension/nmstrictfixes 
Nov 23 15:38:51 [Info] OK 

Nov 23 15:38:51 [Info] Copying extension/swark 
Nov 23 15:38:51 [Info] OK 

Nov 23 15:38:51 [Info] Copying settings/override/audit.ini.append.php 
Nov 23 15:38:51 [Info] OK 

Nov 23 15:38:51 [Info] Copying settings/override/content.ini.append.php 
Nov 23 15:38:51 [Info] OK 

Nov 23 15:38:51 [Info] Copying settings/override/ezmultiupload.ini.append.php 
Nov 23 15:38:51 [Info] OK 

Nov 23 15:38:51 [Info] Copying settings/override/ezoe_attributes.ini.append.php 
Nov 23 15:38:51 [Info] OK 

Nov 23 15:38:51 [Info] Copying settings/override/ezxml.ini.append.php 
Nov 23 15:38:51 [Info] OK 

Nov 23 15:38:51 [Info] Copying settings/override/forum.ini.append.php 
Nov 23 15:38:51 [Info] OK 

Nov 23 15:38:51 [Info] Copying settings/override/i18n.ini.append.php 
Nov 23 15:38:51 [Info] OK 

Nov 23 15:38:51 [Info] Copying settings/override/image.ini.append.php 
Nov 23 15:38:51 [Info] OK 

Nov 23 15:38:51 [Info] Copying settings/override/menu.ini.append.php 
Nov 23 15:38:51 [Info] OK 

Nov 23 15:38:51 [Info] Copying settings/override/site.ini.append.php 
Nov 23 15:38:51 [Info] OK 

Nov 23 15:38:51 [Info] Copying settings/override/site.ini.append.php~ 
Nov 23 15:38:52 [Info] OK 

Nov 23 15:38:52 [Info] Copying settings/override/viewcache.ini.append.php 
Nov 23 15:38:52 [Info] OK 

Nov 23 15:38:52 [Info] Copying settings/siteaccess/admin 
Nov 23 15:38:52 [Info] OK 

Nov 23 15:38:52 [Info] Copying settings/siteaccess/eng 
Nov 23 15:38:52 [Info] OK 

Nov 23 15:38:52 [Info] Copying settings/siteaccess/ezwebin 
Nov 23 15:38:52 [Info] OK 

Nov 23 15:38:52 [Info] Copying settings/siteaccess/nor 
Nov 23 15:38:52 [Info] OK 

Nov 23 15:38:52 [Info] Copying settings/siteaccess/site_admin 
Nov 23 15:38:52 [Info] OK 

Nov 23 15:38:52 [Info] Copying design/admin2 
Nov 23 15:38:52 [Info] OK 

Nov 23 15:38:53 [Info] Copying design/ezwebin_site 
Nov 23 15:38:53 [Info] OK 

Nov 23 15:38:53 [Info] Copying databases

Nov 23 15:38:53 [Info] Creating database matti_intility_500 
Nov 23 15:38:53 [Info] OK

Nov 23 15:38:53 [Info] Applying /mnt/data/matti/www/intility_47/_dbdump/matti_intility_470.sql to database matti_intility_500 
Nov 23 15:38:57 [Info] OK

Nov 23 15:38:57 [Info] end of updateDBConnections()

Nov 23 15:38:57 [Info] Running upgrades for v. 5.0.0

Nov 23 15:38:57 [Info] Upgrade function createRequiredDirectoriesFor500 
Nov 23 15:38:57 [Info] run

Nov 23 15:38:57 [Info] Upgrade function updateDBForVersion 
Nov 23 15:38:57 [Info] run

Nov 23 15:38:57 [Info] Applying sql/5.0/5.0.0.sql to database matti_intility_500 
Nov 23 15:38:57 [Info] OK

Nov 23 15:38:57 [Info] Upgrade function generateAutoLoads 
Nov 23 15:38:57 [Info] run

Nov 23 15:38:57 [Info] Running script bin/php/ezpgenerateautoloads.php --extension  -snor
Nov 23 15:38:57 [Info] OK

Nov 23 15:38:57 [Info] Upgrade function generateAutoLoadsKernel 
Nov 23 15:38:57 [Info] run

Nov 23 15:38:57 [Info] Running script bin/php/ezpgenerateautoloads.php --kernel  -snor
Nov 23 15:38:58 [Info] OK

Nov 23 15:38:58 [Info] Upgrade function clearCache 
Nov 23 15:38:58 [Info] run

Nov 23 15:38:58 [Info] Running script bin/php/ezcache.php --clear-all --purge  -snor
Nov 23 15:39:06 [Info] OK

Nov 23 15:39:06 [Info] Granting DB user matti access to database matti_intility_500 
Nov 23 15:39:06 [Info] OK

Nov 23 15:39:06 [Info] Running modfix script 
Nov 23 15:39:06 [Info] OK

Nov 23 15:39:06 [Info] Giving 777 permissions to the var/ directory 
Nov 23 15:39:06 [Info] OK

Nov 23 15:39:06 [Info] Deleted database dump from the old site 
Nov 23 15:39:06 [Info] OK

Nov 23 15:39:06 [Warning] Remember to set up the cronjobs for the upgraded site.

Nov 23 15:39:06 [Warning] You need to clear the cache!


Nov 23 15:39:06 [Warning] The log file is locateded in lib/ezcopy/logs/

Nov 23 15:39:06 [Warning] Remember to install eZ Network! Follow the instructions here: /mnt/data/matti/www/ezpublish-5.0.0//ezpublish_legacy/extension/ez_network/docs/INSTALL.txt

Nov 23 15:39:06 [Warning] 
You opted not to copy the var/ directory. You will need to do this manually.

Nov 23 15:39:06 [Warning] You can do this by running the following command:

Nov 23 15:39:06 [Warning] cp -R /mnt/data/matti/www/intility_47/var/* /mnt/data/matti/www/ezpublish-5.0.0//ezpublish_legacy/var


Nov 23 15:39:06 [Info] Upgrade from v. 4.7.0 to v. 5.0.0 complete


Nov 23 16:01:46 [Info] 
INITIATING UPGRADE

Nov 23 16:01:46 [Info] The existing installation is located locally at /mnt/data/matti/www/intility_47/

Nov 23 16:01:46 [Info] Dumping database

Nov 23 16:01:47 [Info] matti_intility_470: OK (7,6 MB)

Nov 23 16:01:47 [Info] Upgrading intility_5 from version 4.7.0 to version 5.0.0

Nov 23 16:01:47 [Info] Checking requirements 
Nov 23 16:01:47 [Info] OK

Nov 23 16:01:47 [Info] Performing pre-upgrade checks 
Nov 23 16:01:47 [Info] OK

Nov 23 16:01:47 [Info] Checking for local distro

Nov 23 16:01:47 [Info] Match found: ezpublish5-5.0.0-rc1-ee-ttl.tar.gz 

Nov 23 16:01:47 [Info] Copying distro from specified location 
Nov 23 16:01:47 [Info] OK

Nov 23 16:01:48 [Info] Extracting ezpublish5-5.0.0-rc1-ee-ttl.tar.gz to /mnt/data/matti/www/

Nov 23 16:01:55 [Info] OK

Nov 23 16:01:55 [Info] Copying files

Nov 23 16:01:58 [Info] Copying extension/ez_network 
Nov 23 16:01:58 [Info] OK 

Nov 23 16:01:58 [Info] Copying extension/ezcomments 
Nov 23 16:01:58 [Info] OK 

Nov 23 16:01:59 [Info] Copying extension/ezgmaplocation 
Nov 23 16:01:59 [Info] OK 

Nov 23 16:02:01 [Info] Copying extension/ezstarrating 
Nov 23 16:02:01 [Info] OK 

Nov 23 16:02:01 [Info] Copying extension/ezwebin 
Nov 23 16:02:02 [Info] OK 

Nov 23 16:02:02 [Info] Copying extension/ezwt 
Nov 23 16:02:02 [Info] OK 

Nov 23 16:02:02 [Info] Copying extension/nmbase 
Nov 23 16:02:02 [Info] OK 

Nov 23 16:02:02 [Info] Copying extension/nmcontentclass 
Nov 23 16:02:02 [Info] OK 

Nov 23 16:02:02 [Info] Copying extension/nmdesignintility 
Nov 23 16:02:03 [Info] OK 

Nov 23 16:02:03 [Info] Copying extension/nmdesignintility_sites_repo 
Nov 23 16:02:03 [Info] OK 

Nov 23 16:02:03 [Info] Copying extension/nmstrictfixes 
Nov 23 16:02:03 [Info] OK 

Nov 23 16:02:03 [Info] Copying extension/swark 
Nov 23 16:02:03 [Info] OK 

Nov 23 16:02:03 [Info] Copying settings/override/audit.ini.append.php 
Nov 23 16:02:03 [Info] OK 

Nov 23 16:02:03 [Info] Copying settings/override/content.ini.append.php 
Nov 23 16:02:03 [Info] OK 

Nov 23 16:02:03 [Info] Copying settings/override/ezmultiupload.ini.append.php 
Nov 23 16:02:03 [Info] OK 

Nov 23 16:02:03 [Info] Copying settings/override/ezoe_attributes.ini.append.php 
Nov 23 16:02:03 [Info] OK 

Nov 23 16:02:03 [Info] Copying settings/override/ezxml.ini.append.php 
Nov 23 16:02:03 [Info] OK 

Nov 23 16:02:03 [Info] Copying settings/override/forum.ini.append.php 
Nov 23 16:02:03 [Info] OK 

Nov 23 16:02:03 [Info] Copying settings/override/i18n.ini.append.php 
Nov 23 16:02:03 [Info] OK 

Nov 23 16:02:03 [Info] Copying settings/override/image.ini.append.php 
Nov 23 16:02:03 [Info] OK 

Nov 23 16:02:03 [Info] Copying settings/override/menu.ini.append.php 
Nov 23 16:02:04 [Info] OK 

Nov 23 16:02:04 [Info] Copying settings/override/site.ini.append.php 
Nov 23 16:02:04 [Info] OK 

Nov 23 16:02:04 [Info] Copying settings/override/site.ini.append.php~ 
Nov 23 16:02:04 [Info] OK 

Nov 23 16:02:04 [Info] Copying settings/override/viewcache.ini.append.php 
Nov 23 16:02:04 [Info] OK 

Nov 23 16:02:04 [Info] Copying settings/siteaccess/admin 
Nov 23 16:02:04 [Info] OK 

Nov 23 16:02:04 [Info] Copying settings/siteaccess/eng 
Nov 23 16:02:04 [Info] OK 

Nov 23 16:02:04 [Info] Copying settings/siteaccess/ezwebin 
Nov 23 16:02:04 [Info] OK 

Nov 23 16:02:04 [Info] Copying settings/siteaccess/nor 
Nov 23 16:02:04 [Info] OK 

Nov 23 16:02:04 [Info] Copying settings/siteaccess/site_admin 
Nov 23 16:02:04 [Info] OK 

Nov 23 16:02:04 [Info] Copying design/admin2 
Nov 23 16:02:04 [Info] OK 

Nov 23 16:02:06 [Info] Copying design/ezwebin_site 
Nov 23 16:02:06 [Info] OK 

Nov 23 16:02:06 [Info] Copying databases

Nov 23 16:02:06 [Info] Creating database matti_intility_500 
Nov 23 16:02:06 [Info] OK

Nov 23 16:02:06 [Info] Applying /mnt/data/matti/www/intility_47/_dbdump/matti_intility_470.sql to database matti_intility_500 
Nov 23 16:02:13 [Info] OK

Nov 23 16:02:13 [Info] end of updateDBConnections()

Nov 23 16:02:13 [Info] Running upgrades for v. 5.0.0

Nov 23 16:02:13 [Info] Upgrade function createRequiredDirectoriesFor500 
Nov 23 16:02:13 [Info] run

Nov 23 16:02:13 [Info] Upgrade function updateDBForVersion 
Nov 23 16:02:13 [Info] run

Nov 23 16:02:13 [Info] Upgrade function generateAutoLoads 
Nov 23 16:02:13 [Info] run

Nov 23 16:02:13 [Info] Running script bin/php/ezpgenerateautoloads.php --extension  -snor
Nov 23 16:02:13 [Info] OK

Nov 23 16:02:13 [Info] Upgrade function generateAutoLoadsKernel 
Nov 23 16:02:13 [Info] run

Nov 23 16:02:13 [Info] Running script bin/php/ezpgenerateautoloads.php --kernel  -snor
Nov 23 16:02:13 [Info] OK

Nov 23 16:02:13 [Info] Upgrade function clearCache 
Nov 23 16:02:13 [Info] run

Nov 23 16:02:13 [Info] Running script bin/php/ezcache.php --clear-all --purge  -snor
Nov 23 16:02:21 [Info] OK

Nov 23 16:02:21 [Info] Granting DB user matti access to database matti_intility_500 
Nov 23 16:02:21 [Info] OK

Nov 23 16:02:21 [Info] Running modfix script 
Nov 23 16:02:21 [Info] OK

Nov 23 16:02:21 [Info] Giving 777 permissions to the var/ directory 
Nov 23 16:02:21 [Info] OK

Nov 23 16:02:21 [Info] Deleted database dump from the old site 
Nov 23 16:02:21 [Info] OK

Nov 23 16:02:21 [Warning] Remember to set up the cronjobs for the upgraded site.

Nov 23 16:02:21 [Warning] You need to clear the cache!


Nov 23 16:02:21 [Warning] The log file is locateded in lib/ezcopy/logs/

Nov 23 16:02:21 [Warning] Remember to install eZ Network! Follow the instructions here: /mnt/data/matti/www/ezpublish-5.0.0//ezpublish_legacy/extension/ez_network/docs/INSTALL.txt

Nov 23 16:02:21 [Warning] 
You opted not to copy the var/ directory. You will need to do this manually.

Nov 23 16:02:21 [Warning] You can do this by running the following command:

Nov 23 16:02:21 [Warning] cp -R /mnt/data/matti/www/intility_47/var/* /mnt/data/matti/www/ezpublish-5.0.0//ezpublish_legacy/var


Nov 23 16:02:21 [Info] Upgrade from v. 4.7.0 to v. 5.0.0 complete


